13.3.2022, 11:17:48 - INFO - Server is running on port: 3030
13.3.2022, 14:27:28 - INFO - Server is running on port: 3030
13.3.2022, 14:28:44 - INFO - Server is running on port: 3030
13.3.2022, 14:28:53 - ERROR - Failed to get dogs | {}
13.3.2022, 14:29:05 - INFO - Server is running on port: 3030
13.3.2022, 14:29:22 - INFO - Server is running on port: 3030
13.3.2022, 14:29:25 - INFO - Server is running on port: 3030
14.3.2022, 19:18:27 - INFO - Server is running on port: 3030
15.3.2022, 10:49:42 - INFO - Server is running on port: 3030
15.3.2022, 10:55:53 - INFO - Server is running on port: 3030
15.3.2022, 10:56:17 - INFO - Server is running on port: 3030
15.3.2022, 11:02:40 - INFO - Server is running on port: 3030
15.3.2022, 11:03:46 - INFO - Server is running on port: 3030
15.3.2022, 11:12:06 - INFO - Server is running on port: 3030
15.3.2022, 11:12:19 - ERROR - cannot find dogs | {}
15.3.2022, 11:12:19 - ERROR - Failed to get dogs | {}
15.3.2022, 11:12:20 - ERROR - cannot find dogs | {}
15.3.2022, 11:12:20 - ERROR - Failed to get dogs | {}
15.3.2022, 11:12:22 - ERROR - cannot find dogs | {}
15.3.2022, 11:12:22 - ERROR - Failed to get dogs | {}
15.3.2022, 11:12:31 - ERROR - cannot find dogs | {}
15.3.2022, 11:12:31 - ERROR - Failed to get dogs | {}
15.3.2022, 11:12:32 - ERROR - cannot find dogs | {}
15.3.2022, 11:12:32 - ERROR - Failed to get dogs | {}
15.3.2022, 11:12:33 - ERROR - cannot find dogs | {}
15.3.2022, 11:12:33 - ERROR - Failed to get dogs | {}
15.3.2022, 11:12:33 - ERROR - cannot find dogs | {}
15.3.2022, 11:12:33 - ERROR - Failed to get dogs | {}
15.3.2022, 11:12:34 - ERROR - cannot find dogs | {}
15.3.2022, 11:12:34 - ERROR - Failed to get dogs | {}
15.3.2022, 11:12:34 - ERROR - cannot find dogs | {}
15.3.2022, 11:12:34 - ERROR - Failed to get dogs | {}
15.3.2022, 11:12:34 - ERROR - cannot find dogs | {}
15.3.2022, 11:12:34 - ERROR - Failed to get dogs | {}
15.3.2022, 11:12:44 - ERROR - cannot find dogs | {}
15.3.2022, 11:12:44 - ERROR - Failed to get dogs | {}
15.3.2022, 11:12:44 - ERROR - cannot find dogs | {}
15.3.2022, 11:12:44 - ERROR - Failed to get dogs | {}
15.3.2022, 11:12:44 - ERROR - cannot find dogs | {}
15.3.2022, 11:12:44 - ERROR - Failed to get dogs | {}
15.3.2022, 11:12:53 - ERROR - cannot find dogs | {}
15.3.2022, 11:12:53 - ERROR - Failed to get dogs | {}
15.3.2022, 11:12:53 - ERROR - cannot find dogs | {}
15.3.2022, 11:12:53 - ERROR - Failed to get dogs | {}
15.3.2022, 11:12:53 - ERROR - cannot find dogs | {}
15.3.2022, 11:12:53 - ERROR - Failed to get dogs | {}
15.3.2022, 11:14:29 - INFO - Server is running on port: 3030
15.3.2022, 12:29:18 - INFO - Server is running on port: 3030
15.3.2022, 12:29:25 - INFO - Server is running on port: 3030
15.3.2022, 12:29:56 - INFO - Server is running on port: 3030
15.3.2022, 12:30:21 - INFO - Server is running on port: 3030
15.3.2022, 12:31:19 - INFO - Server is running on port: 3030
15.3.2022, 12:34:01 - INFO - Server is running on port: 3030
15.3.2022, 12:34:06 - ERROR - cannot find dogs | {}
15.3.2022, 12:34:06 - ERROR - Failed to get dogs | {}
15.3.2022, 12:34:06 - ERROR - cannot find dogs | {}
15.3.2022, 12:34:06 - ERROR - Failed to get dogs | {}
15.3.2022, 12:34:07 - ERROR - cannot find dogs | {}
15.3.2022, 12:34:07 - ERROR - Failed to get dogs | {}
15.3.2022, 12:35:22 - INFO - Server is running on port: 3030
15.3.2022, 12:35:27 - ERROR - cannot find dogs | {}
15.3.2022, 12:35:27 - ERROR - Failed to get dogs | {}
15.3.2022, 12:35:27 - ERROR - cannot find dogs | {}
15.3.2022, 12:35:27 - ERROR - Failed to get dogs | {}
15.3.2022, 12:35:27 - ERROR - cannot find dogs | {}
15.3.2022, 12:35:27 - ERROR - Failed to get dogs | {}
15.3.2022, 12:39:03 - INFO - Server is running on port: 3030
15.3.2022, 12:41:19 - INFO - Server is running on port: 3030
15.3.2022, 12:41:29 - INFO - Server is running on port: 3030
16.3.2022, 16:27:09 - INFO - Server is running on port: 3030
19.3.2022, 14:46:55 - ERROR - cannot find dogs | {}
19.3.2022, 14:46:55 - ERROR - Failed to get dogs | {}
19.3.2022, 14:47:09 - ERROR - cannot find dogs | {}
19.3.2022, 14:47:09 - ERROR - Failed to get dogs | {}
19.3.2022, 15:56:22 - ERROR - cannot find dogs | {}
19.3.2022, 15:56:22 - ERROR - Failed to get dogs | {}
19.3.2022, 16:00:10 - INFO - Server is running on port: 3030
19.3.2022, 16:01:57 - ERROR - cannot find dogs | {}
19.3.2022, 16:01:57 - ERROR - Failed to get dogs | {}
19.3.2022, 16:07:34 - INFO - Server is running on port: 3030
19.3.2022, 16:09:23 - ERROR - cannot find dogs | {}
19.3.2022, 16:09:23 - ERROR - Failed to get dogs | {}
19.3.2022, 16:10:49 - INFO - Server is running on port: 3030
19.3.2022, 16:10:58 - ERROR - cannot find dogs | {}
19.3.2022, 16:10:58 - ERROR - Failed to get dogs | {}
19.3.2022, 16:11:09 - ERROR - cannot find dogs | {}
19.3.2022, 16:11:09 - ERROR - Failed to get dogs | {}
19.3.2022, 16:12:01 - ERROR - cannot find dogs | {}
19.3.2022, 16:12:01 - ERROR - Failed to get dogs | {}
19.3.2022, 20:20:32 - INFO - Server is running on port: 3030
19.3.2022, 20:20:48 - ERROR - cannot find dogs | {}
19.3.2022, 20:20:48 - ERROR - Failed to get dogs | {}
19.3.2022, 20:20:48 - ERROR - cannot find dogs | {}
19.3.2022, 20:20:48 - ERROR - Failed to get dogs | {}
19.3.2022, 20:20:48 - ERROR - cannot find dogs | {}
19.3.2022, 20:20:48 - ERROR - Failed to get dogs | {}
19.3.2022, 20:22:27 - INFO - Server is running on port: 3030
19.3.2022, 20:23:26 - INFO - Server is running on port: 3030
19.3.2022, 20:23:48 - INFO - Server is running on port: 3030
19.3.2022, 20:26:56 - INFO - Server is running on port: 3030
19.3.2022, 20:27:12 - INFO - Server is running on port: 3030
19.3.2022, 20:27:57 - INFO - Server is running on port: 3030
19.3.2022, 20:29:10 - INFO - Server is running on port: 3030
19.3.2022, 20:29:35 - INFO - Server is running on port: 3030
19.3.2022, 20:29:52 - INFO - Server is running on port: 3030
19.3.2022, 20:30:19 - INFO - Server is running on port: 3030
19.3.2022, 20:36:26 - ERROR - cannot find dogs | {"driver":true,"name":"MongoError"}
19.3.2022, 20:36:26 - ERROR - Failed to get dogs | {"driver":true,"name":"MongoError"}
19.3.2022, 20:36:26 - ERROR - cannot find dogs | {"driver":true,"name":"MongoError"}
19.3.2022, 20:36:26 - ERROR - Failed to get dogs | {"driver":true,"name":"MongoError"}
19.3.2022, 20:36:26 - ERROR - cannot find dogs | {"driver":true,"name":"MongoError"}
19.3.2022, 20:36:26 - ERROR - Failed to get dogs | {"driver":true,"name":"MongoError"}
19.3.2022, 20:36:36 - ERROR - cannot find dogs | {"driver":true,"name":"MongoError"}
19.3.2022, 20:36:36 - ERROR - Failed to get dogs | {"driver":true,"name":"MongoError"}
19.3.2022, 20:36:36 - ERROR - cannot find dogs | {"driver":true,"name":"MongoError"}
19.3.2022, 20:36:36 - ERROR - Failed to get dogs | {"driver":true,"name":"MongoError"}
19.3.2022, 20:36:36 - ERROR - cannot find dogs | {"driver":true,"name":"MongoError"}
19.3.2022, 20:36:36 - ERROR - Failed to get dogs | {"driver":true,"name":"MongoError"}
19.3.2022, 20:37:09 - ERROR - cannot find dogs | {"driver":true,"name":"MongoError"}
19.3.2022, 20:37:09 - ERROR - Failed to get dogs | {"driver":true,"name":"MongoError"}
19.3.2022, 20:37:28 - ERROR - cannot find dogs | {"driver":true,"name":"MongoError"}
19.3.2022, 20:37:28 - ERROR - Failed to get dogs | {"driver":true,"name":"MongoError"}
19.3.2022, 20:37:59 - INFO - Server is running on port: 3030
21.3.2022, 17:05:27 - INFO - Server is running on port: 3030
21.3.2022, 17:05:35 - INFO - Server is running on port: 3030
21.3.2022, 17:05:38 - INFO - Server is running on port: 3030
21.3.2022, 17:06:24 - INFO - Server is running on port: 3030
21.3.2022, 17:15:07 - INFO - Server is running on port: 3030
21.3.2022, 17:16:44 - INFO - Server is running on port: 3030
21.3.2022, 17:19:28 - INFO - Server is running on port: 3030
21.3.2022, 17:21:54 - INFO - Server is running on port: 3030
21.3.2022, 17:22:05 - ERROR - cannot find dogs | {}
21.3.2022, 17:22:05 - ERROR - Failed to get dogs | {}
21.3.2022, 17:23:59 - INFO - Server is running on port: 3030
22.3.2022, 10:15:30 - INFO - Server is running on port: 3030
22.3.2022, 10:16:03 - INFO - Server is running on port: 3030
22.3.2022, 10:22:45 - INFO - Server is running on port: 3030
